#
# A fatal error has been detected by the Java Runtime Environment:
#
#  EXCEPTION_ACCESS_VIOLATION (0xc0000005) at pc=0x00007ffb9934cdd3, pid=8712, tid=7836
#
# JRE version: Java(TM) SE Runtime Environment (19.0.1+10) (build 19.0.1+10-21)
# Java VM: Java HotSpot(TM) 64-Bit Server VM (19.0.1+10-21, mixed mode, sharing, tiered, compressed oops, compressed class ptrs, g1 gc, windows-amd64)
# Problematic frame:
# V  [jvm.dll+0x38cdd3]
#
# No core dump will be written. Minidumps are not enabled by default on client versions of Windows
#
# If you would like to submit a bug report, please visit:
#   https://bugreport.java.com/bugreport/crash.jsp
#

---------------  S U M M A R Y ------------

Command Line: -XX:+ShowCodeDetailsInExceptionMessages -agentlib:jdwp=transport=dt_socket,suspend=y,address=localhost:56939 -ea -Dfile.encoding=UTF-8 org.testng.remote.RemoteTestNG -serport 56938 -protocol json -d D:\eclipse_workspace\OriginAPI\test-output D:\eclipse_workspace\OriginAPI\testng.xml

Host: 12th Gen Intel(R) Core(TM) i5-1235U, 12 cores, 15G,  Windows 11 , 64 bit Build 22621 (10.0.22621.963)
Time: Mon Jan 16 15:21:20 2023 India Standard Time elapsed time: 523.758651 seconds (0d 0h 8m 43s)

---------------  T H R E A D  ---------------

Current thread (0x0000025c48000e30):  VMThread "VM Thread" [stack: 0x000000b2db300000,0x000000b2db400000] [id=7836]

Stack: [0x000000b2db300000,0x000000b2db400000],  sp=0x000000b2db3ff1a0,  free space=1020k
Native frames: (J=compiled Java code, j=interpreted, Vv=VM code, C=native code)
V  [jvm.dll+0x38cdd3]
V  [jvm.dll+0x390c80]
V  [jvm.dll+0x39109f]
V  [jvm.dll+0x38d04f]
V  [jvm.dll+0x6dd266]
V  [jvm.dll+0x6dcf76]
V  [jvm.dll+0x6a1c38]
V  [jvm.dll+0x84e660]
V  [jvm.dll+0x593c37]
V  [jvm.dll+0x85ef83]
V  [jvm.dll+0x85fd49]
V  [jvm.dll+0x86027d]
V  [jvm.dll+0x86070b]
V  [jvm.dll+0x8607c7]
V  [jvm.dll+0x8015fa]
V  [jvm.dll+0x6ed5eb]
C  [ucrtbase.dll+0x29363]
C  [KERNEL32.DLL+0x126bd]
C  [ntdll.dll+0x5dfb8]


siginfo: EXCEPTION_ACCESS_VIOLATION (0xc0000005), reading address 0xffffffffffffffff


Registers:
RAX=0x0000025c4cf2b4c8, RBX=0x000000b2db3ff370, RCX=0x000000b2db3ff3e0, RDX=0xffffffffffffcb2d
RSP=0x000000b2db3ff1a0, RBP=0x00007ffb9934cdb0, RSI=0x0000000000000000, RDI=0x000000b2db3ff370
R8 =0x03ffffffffffff2c, R9 =0x000000000000002d, R10=0x00007ffb98fc0000, R11=0x00007ffbe32f1b66
R12=0x00000000000003d8, R13=0x0000000000000001, R14=0x00000000000000e7, R15=0x0000025c4978dd88
RIP=0x00007ffb9934cdd3, EFLAGS=0x0000000000010203


Register to memory mapping:

RIP=0x00007ffb9934cdd3 jvm.dll
RAX=0x0000025c4cf2b4c8 points into unknown readable memory: 0x0000000000000001 | 01 00 00 00 00 00 00 00
RBX=0x000000b2db3ff370 points into unknown readable memory: 0x00007ffb999a38b0 | b0 38 9a 99 fb 7f 00 00
RCX=0x000000b2db3ff3e0 points into unknown readable memory: 0x0000025c4cf2b4c8 | c8 b4 f2 4c 5c 02 00 00
RDX=0xffffffffffffcb2d is an unknown value
RSP=0x000000b2db3ff1a0 points into unknown readable memory: 0x0000025c488db9e8 | e8 b9 8d 48 5c 02 00 00
RBP=0x00007ffb9934cdb0 jvm.dll
RSI=0x0 is NULL
RDI=0x000000b2db3ff370 points into unknown readable memory: 0x00007ffb999a38b0 | b0 38 9a 99 fb 7f 00 00
R8 =0x03ffffffffffff2c is an unknown value
R9 =0x000000000000002d is an unknown value
R10=0x00007ffb98fc0000 jvm.dll
R11=0x00007ffbe32f1b66 VCRUNTIME140.dll
R12=0x00000000000003d8 is an unknown value
R13=0x0000000000000001 is an unknown value
R14=0x00000000000000e7 is an unknown value
R15=0x0000025c4978dd88 is pointing into metadata


Top of Stack: (sp=0x000000b2db3ff1a0)
0x000000b2db3ff1a0:   0000025c488db9e8 00007ffc170ad87a
0x000000b2db3ff1b0:   0000000000000000 00007ffb99362610
0x000000b2db3ff1c0:   000000b2db3ff240 00007ffb99350c80
0x000000b2db3ff1d0:   000000b2db3ff240 000000b2db3ff250
0x000000b2db3ff1e0:   000000b2db3ff240 00007ffb9911b68e
0x000000b2db3ff1f0:   0000025c48ab7e60 0000000000000068
0x000000b2db3ff200:   0000025c4978dea7 00000000000000a5
0x000000b2db3ff210:   00000000000000a5 00007ffb9935109f
0x000000b2db3ff220:   000000b2db3ff370 000000b2db3ff270
0x000000b2db3ff230:   00000000000000e7 0000025c4cf2b488
0x000000b2db3ff240:   0000025c48ab7e60 0000025c48000e30
0x000000b2db3ff250:   000000ea000000e7 000000a500000337
0x000000b2db3ff260:   0000033700000000 ffffffff000000a5
0x000000b2db3ff270:   00000000000083b0 00007ffb99bd72a0
0x000000b2db3ff280:   00000000000003d8 0000000000000000
0x000000b2db3ff290:   0000025c4cf32158 00007ffb9934d04f 

Instructions: (pc=0x00007ffb9934cdd3)
0x00007ffb9934ccd3:   4c 63 fa 48 8b f1 48 85 db 74 13 66 90 39 3b 0f
0x00007ffb9934cce3:   84 a6 00 00 00 48 8b 5b 10 48 85 db 75 ef 33 d2
0x00007ffb9934ccf3:   8d 4a 18 e8 f5 64 3b 00 48 8b d8 48 85 c0 0f 84
0x00007ffb9934cd03:   82 00 00 00 33 d2 4c 89 74 24 50 4c 8b 36 89 38
0x00007ffb9934cd13:   8d 4a 18 e8 d5 64 3b 00 48 8b f8 48 85 c0 74 55
0x00007ffb9934cd23:   48 89 6c 24 48 ba 08 00 00 00 8b 2d ad d6 7c 00
0x00007ffb9934cd33:   8b cd e8 d6 52 01 00 c7 07 00 00 00 00 89 6f 04
0x00007ffb9934cd43:   48 89 47 08 85 ed 7e 11 44 8b c5 33 d2 49 c1 e0
0x00007ffb9934cd53:   03 48 8b c8 e8 16 83 52 00 48 8b 6c 24 48 48 c7
0x00007ffb9934cd63:   47 10 00 00 00 00 4c 89 73 10 4c 8b 74 24 50 48
0x00007ffb9934cd73:   89 7b 08 eb 13 33 ff 4c 89 73 10 4c 8b 74 24 50
0x00007ffb9934cd83:   48 89 7b 08 eb 02 33 db 48 89 1e 48 8b 4b 08 48
0x00007ffb9934cd93:   8d 54 24 40 4c 89 7c 24 40 e8 5f 6d c8 ff 48 8b
0x00007ffb9934cda3:   5c 24 58 48 83 c4 20 41 5f 5f 5e c3 cc 40 53 48
0x00007ffb9934cdb3:   83 ec 20 48 63 d2 48 8b d9 0f b6 c2 48 83 c1 70
0x00007ffb9934cdc3:   24 3f 4c 8b c2 44 0f b6 c8 49 c1 e8 06 48 8b 01
0x00007ffb9934cdd3:   4e 8b 04 c0 4d 0f a3 c8 72 0b 41 b0 01 e8 cb be
0x00007ffb9934cde3:   db ff ff 43 6c 48 83 c4 20 5b c3 cc cc 8b c2 4c
0x00007ffb9934cdf3:   8b d1 41 33 c0 a9 00 00 00 f0 0f 84 ca 00 00 00
0x00007ffb9934ce03:   44 8b ca 8b c2 41 c1 e9 1d b9 72 00 00 00 41 80
0x00007ffb9934ce13:   e1 01 c1 e8 1e 44 8d 59 ae a8 01 74 1a 45 84 c9
0x00007ffb9934ce23:   75 0d c1 ea 1c f6 c2 01 75 05 44 8b c9 eb 35 41
0x00007ffb9934ce33:   b9 23 00 00 00 eb 2d 45 84 c9 74 08 41 b9 76 00
0x00007ffb9934ce43:   00 00 eb 20 8b c2 c1 e8 1c a8 01 74 08 41 b9 70
0x00007ffb9934ce53:   00 00 00 eb 0f c1 ea 1f 41 b9 40 00 00 00 84 d2
0x00007ffb9934ce63:   45 0f 45 cb 41 8b d0 41 8b c0 c1 ea 1d 80 e2 01
0x00007ffb9934ce73:   c1 e8 1e a8 01 74 15 84 d2 75 0a 41 c1 e8 1c 41
0x00007ffb9934ce83:   f6 c0 01 74 33 b9 23 00 00 00 eb 2c 84 d2 74 07
0x00007ffb9934ce93:   b9 76 00 00 00 eb 21 41 8b c0 c1 e8 1c a8 01 74
0x00007ffb9934cea3:   07 b9 70 00 00 00 eb 10 41 c1 e8 1f b9 40 00 00
0x00007ffb9934ceb3:   00 45 84 c0 41 0f 45 cb 44 8b c1 48 8d 15 93 e3
0x00007ffb9934cec3:   60 00 49 8b ca e9 23 57 00 00 c3 cc cc 48 89 5c 


Stack slot to memory mapping:
stack at sp + 0 slots: {method} {0x0000025c488db9f0} 'control' '()V' in 'com/origin/tests/Controller'
stack at sp + 1 slots: 0x00007ffc170ad87a ntdll.dll
stack at sp + 2 slots: 0x0 is NULL
stack at sp + 3 slots: 0x00007ffb99362610 jvm.dll
stack at sp + 4 slots: 0x000000b2db3ff240 points into unknown readable memory: 0x0000025c48ab7e60 | 60 7e ab 48 5c 02 00 00
stack at sp + 5 slots: 0x00007ffb99350c80 jvm.dll
stack at sp + 6 slots: 0x000000b2db3ff240 points into unknown readable memory: 0x0000025c48ab7e60 | 60 7e ab 48 5c 02 00 00
stack at sp + 7 slots: 0x000000b2db3ff250 points into unknown readable memory: 0x000000ea000000e7 | e7 00 00 00 ea 00 00 00

VM_Operation (0x000000b2dbeff4f0): get/set locals, mode: safepoint, requested by thread 0x0000025c4c5171b0


---------------  P R O C E S S  ---------------

Threads class SMR info:
_java_thread_list=0x0000025c4e3e5dc0, length=16, elements={
0x0000025c249cbd00, 0x0000025c4801fda0, 0x0000025c48022e80, 0x0000025c480267f0,
0x0000025c48029130, 0x0000025c4802a9a0, 0x0000025c4802ebe0, 0x0000025c48030780,
0x0000025c48031890, 0x0000025c480429c0, 0x0000025c4c5171b0, 0x0000025c4c5375c0,
0x0000025c4c53db30, 0x0000025c4c540000, 0x0000025c4c555b30, 0x0000025c4cf869b0
}

Java Threads: ( => current thread )
  0x0000025c249cbd00 JavaThread "main" [_thread_blocked, id=6020, stack(0x000000b2dad00000,0x000000b2dae00000)]
  0x0000025c4801fda0 JavaThread "Reference Handler" daemon [_thread_blocked, id=2024, stack(0x000000b2db500000,0x000000b2db600000)]
  0x0000025c48022e80 JavaThread "Finalizer" daemon [_thread_blocked, id=328, stack(0x000000b2db600000,0x000000b2db700000)]
  0x0000025c480267f0 JavaThread "Signal Dispatcher" daemon [_thread_blocked, id=10096, stack(0x000000b2db700000,0x000000b2db800000)]
  0x0000025c48029130 JavaThread "Attach Listener" daemon [_thread_blocked, id=15212, stack(0x000000b2db800000,0x000000b2db900000)]
  0x0000025c4802a9a0 JavaThread "Service Thread" daemon [_thread_blocked, id=10408, stack(0x000000b2db900000,0x000000b2dba00000)]
  0x0000025c4802ebe0 JavaThread "Monitor Deflation Thread" daemon [_thread_blocked, id=2768, stack(0x000000b2dba00000,0x000000b2dbb00000)]
  0x0000025c48030780 JavaThread "C2 CompilerThread0" daemon [_thread_blocked, id=17348, stack(0x000000b2dbb00000,0x000000b2dbc00000)]
  0x0000025c48031890 JavaThread "C1 CompilerThread0" daemon [_thread_blocked, id=1676, stack(0x000000b2dbc00000,0x000000b2dbd00000)]
  0x0000025c480429c0 JavaThread "Sweeper thread" daemon [_thread_blocked, id=18792, stack(0x000000b2dbd00000,0x000000b2dbe00000)]
  0x0000025c4c5171b0 JavaThread "JDWP Transport Listener: dt_socket" daemon [_thread_blocked, id=19184, stack(0x000000b2dbe00000,0x000000b2dbf00000)] _threads_hazard_ptr=0x0000025c4e3e5dc0
  0x0000025c4c5375c0 JavaThread "JDWP Event Helper Thread" daemon [_thread_blocked, id=2368, stack(0x000000b2dbf00000,0x000000b2dc000000)]
  0x0000025c4c53db30 JavaThread "JDWP Command Reader" daemon [_thread_in_native, id=11784, stack(0x000000b2dc000000,0x000000b2dc100000)]
  0x0000025c4c540000 JavaThread "Notification Thread" daemon [_thread_blocked, id=14428, stack(0x000000b2dc100000,0x000000b2dc200000)]
  0x0000025c4c555b30 JavaThread "Common-Cleaner" daemon [_thread_blocked, id=6076, stack(0x000000b2dc300000,0x000000b2dc400000)]
  0x0000025c4cf869b0 JavaThread "ReaderThread" [_thread_in_native, id=3856, stack(0x000000b2dc600000,0x000000b2dc700000)]

Other Threads:
=>0x0000025c48000e30 VMThread "VM Thread" [stack: 0x000000b2db300000,0x000000b2db400000] [id=7836]
  0x0000025c4c546fc0 WatcherThread "VM Periodic Task Thread" [stack: 0x000000b2dc200000,0x000000b2dc300000] [id=12344]
  0x0000025c24a3c570 WorkerThread "GC Thread#0" [stack: 0x000000b2dae00000,0x000000b2daf00000] [id=13916]
  0x0000025c4d1f1ac0 WorkerThread "GC Thread#1" [stack: 0x000000b2dc700000,0x000000b2dc800000] [id=14040]
  0x0000025c4d1f1d90 WorkerThread "GC Thread#2" [stack: 0x000000b2dc800000,0x000000b2dc900000] [id=19348]
  0x0000025c4d1f2060 WorkerThread "GC Thread#3" [stack: 0x000000b2dc900000,0x000000b2dca00000] [id=9396]
  0x0000025c4d4e76b0 WorkerThread "GC Thread#4" [stack: 0x000000b2dca00000,0x000000b2dcb00000] [id=20212]
  0x0000025c4d4e73e0 WorkerThread "GC Thread#5" [stack: 0x000000b2dcb00000,0x000000b2dcc00000] [id=10856]
  0x0000025c4d4e8790 WorkerThread "GC Thread#6" [stack: 0x000000b2dcc00000,0x000000b2dcd00000] [id=8856]
  0x0000025c4d4e7110 WorkerThread "GC Thread#7" [stack: 0x000000b2dcd00000,0x000000b2dce00000] [id=10620]
  0x0000025c4d4e84c0 WorkerThread "GC Thread#8" [stack: 0x000000b2dce00000,0x000000b2dcf00000] [id=4560]
  0x0000025c4d4e7c50 WorkerThread "GC Thread#9" [stack: 0x000000b2dcf00000,0x000000b2dd000000] [id=15836]
  0x0000025c24a4cfd0 ConcurrentGCThread "G1 Main Marker" [stack: 0x000000b2daf00000,0x000000b2db000000] [id=20160]
  0x0000025c24a4e4a0 WorkerThread "G1 Conc#0" [stack: 0x000000b2db000000,0x000000b2db100000] [id=11996]
  0x0000025c4e2ef5d0 WorkerThread "G1 Conc#1" [stack: 0x000000b2dd100000,0x000000b2dd200000] [id=4348]
  0x0000025c4e2efb70 WorkerThread "G1 Conc#2" [stack: 0x000000b2dd200000,0x000000b2dd300000] [id=10088]
  0x0000025c47ebb0c0 ConcurrentGCThread "G1 Refine#0" [stack: 0x000000b2db100000,0x000000b2db200000] [id=20420]
  0x0000025c47ebbc00 ConcurrentGCThread "G1 Service" [stack: 0x000000b2db200000,0x000000b2db300000] [id=13656]

Threads with active compile tasks:

VM state: at safepoint (normal execution)

VM Mutex/Monitor currently owned by a thread:  ([mutex/lock_event])
[0x0000025c249c8360] Threads_lock - owner thread: 0x0000025c48000e30

Heap address: 0x0000000705000000, size: 4016 MB, Compressed Oops mode: Zero based, Oop shift amount: 3

CDS archive(s) mapped at: [0x0000000800000000-0x0000000800c40000-0x0000000800c40000), size 12845056, SharedBaseAddress: 0x0000000800000000, ArchiveRelocationMode: 0.
Compressed class space mapped at: 0x0000000801000000-0x0000000841000000, reserved size: 1073741824
Narrow klass base: 0x0000000800000000, Narrow klass shift: 0, Narrow klass range: 0x100000000

GC Precious Log:
 CardTable entry size: 512
 Card Set container configuration: InlinePtr #cards 4 size 8 Array Of Cards #cards 16 size 48 Howl #buckets 8 coarsen threshold 3686 Howl Bitmap #cards 512 size 80 coarsen threshold 460 Card regions per heap region 1 cards per card region 4096
 CPUs: 12 total, 12 available
 Memory: 16056M
 Large Page Support: Disabled
 NUMA Support: Disabled
 Compressed Oops: Enabled (Zero based)
 Heap Region Size: 2M
 Heap Min Capacity: 8M
 Heap Initial Capacity: 252M
 Heap Max Capacity: 4016M
 Pre-touch: Disabled
 Parallel Workers: 10
 Concurrent Workers: 3
 Concurrent Refinement Workers: 10
 Periodic GC: Disabled

Heap:
 garbage-first heap   total 69632K, used 21258K [0x0000000705000000, 0x0000000800000000)
  region size 2048K, 8 young (16384K), 5 survivors (10240K)
 Metaspace       used 22159K, committed 22592K, reserved 1114112K
  class space    used 2295K, committed 2496K, reserved 1048576K

Heap Regions: E=young(eden), S=young(survivor), O=old, HS=humongous(starts), HC=humongous(continues), CS=collection set, F=free, OA=open archive, CA=closed archive, TAMS=top-at-mark-start (previous, next)
|   0|0x0000000705000000, 0x0000000705200000, 0x0000000705200000|100%| O|  |TAMS 0x0000000705200000, 0x0000000705000000| Untracked 
|   1|0x0000000705200000, 0x0000000705400000, 0x0000000705400000|100%| O|  |TAMS 0x0000000705400000, 0x0000000705200000| Untracked 
|   2|0x0000000705400000, 0x0000000705600000, 0x0000000705600000|100%| O|  |TAMS 0x0000000705600000, 0x0000000705400000| Untracked 
|   3|0x0000000705600000, 0x000000070572d800, 0x0000000705800000| 58%| O|  |TAMS 0x000000070572d800, 0x0000000705600000| Complete 
|   4|0x0000000705800000, 0x0000000705a00000, 0x0000000705a00000|100%|HS|  |TAMS 0x0000000705800000, 0x0000000705800000| Complete 
|   5|0x0000000705a00000, 0x0000000705a00000, 0x0000000705c00000|  0%| F|  |TAMS 0x0000000705a00000, 0x0000000705a00000| Untracked 
|   6|0x0000000705c00000, 0x0000000705c00000, 0x0000000705e00000|  0%| F|  |TAMS 0x0000000705c00000, 0x0000000705c00000| Untracked 
|   7|0x0000000705e00000, 0x0000000705e00000, 0x0000000706000000|  0%| F|  |TAMS 0x0000000705e00000, 0x0000000705e00000| Untracked 
|   8|0x0000000706000000, 0x0000000706000000, 0x0000000706200000|  0%| F|  |TAMS 0x0000000706000000, 0x0000000706000000| Untracked 
|   9|0x0000000706200000, 0x0000000706200000, 0x0000000706400000|  0%| F|  |TAMS 0x0000000706200000, 0x0000000706200000| Untracked 
|  10|0x0000000706400000, 0x0000000706400000, 0x0000000706600000|  0%| F|  |TAMS 0x0000000706400000, 0x0000000706400000| Untracked 
|  11|0x0000000706600000, 0x0000000706600000, 0x0000000706800000|  0%| F|  |TAMS 0x0000000706600000, 0x0000000706600000| Untracked 
|  12|0x0000000706800000, 0x0000000706800000, 0x0000000706a00000|  0%| F|  |TAMS 0x0000000706800000, 0x0000000706800000| Untracked 
|  13|0x0000000706a00000, 0x0000000706a00000, 0x0000000706c00000|  0%| F|  |TAMS 0x0000000706a00000, 0x0000000706a00000| Untracked 
|  14|0x0000000706c00000, 0x0000000706c00000, 0x0000000706e00000|  0%| F|  |TAMS 0x0000000706c00000, 0x0000000706c00000| Untracked 
|  15|0x0000000706e00000, 0x0000000706e00000, 0x0000000707000000|  0%| F|  |TAMS 0x0000000706e00000, 0x0000000706e00000| Untracked 
|  16|0x0000000707000000, 0x0000000707000000, 0x0000000707200000|  0%| F|  |TAMS 0x0000000707000000, 0x0000000707000000| Untracked 
|  17|0x0000000707200000, 0x0000000707200000, 0x0000000707400000|  0%| F|  |TAMS 0x0000000707200000, 0x0000000707200000| Untracked 
|  18|0x0000000707400000, 0x0000000707400000, 0x0000000707600000|  0%| F|  |TAMS 0x0000000707400000, 0x0000000707400000| Untracked 
|  19|0x0000000707600000, 0x0000000707600000, 0x0000000707800000|  0%| F|  |TAMS 0x0000000707600000, 0x0000000707600000| Untracked 
|  20|0x0000000707800000, 0x0000000707800000, 0x0000000707a00000|  0%| F|  |TAMS 0x0000000707800000, 0x0000000707800000| Untracked 
|  21|0x0000000707a00000, 0x0000000707a00000, 0x0000000707c00000|  0%| F|  |TAMS 0x0000000707a00000, 0x0000000707a00000| Untracked 
|  22|0x0000000707c00000, 0x0000000707c00000, 0x0000000707e00000|  0%| F|  |TAMS 0x0000000707c00000, 0x0000000707c00000| Untracked 
|  23|0x0000000707e00000, 0x0000000707e00000, 0x0000000708000000|  0%| F|  |TAMS 0x0000000707e00000, 0x0000000707e00000| Untracked 
|  24|0x0000000708000000, 0x0000000708000000, 0x0000000708200000|  0%| F|  |TAMS 0x0000000708000000, 0x0000000708000000| Untracked 
|  25|0x0000000708200000, 0x0000000708200000, 0x0000000708400000|  0%| F|  |TAMS 0x0000000708200000, 0x0000000708200000| Untracked 
|  26|0x0000000708400000, 0x0000000708600000, 0x0000000708600000|100%| E|  |TAMS 0x0000000708400000, 0x0000000708400000| Complete 
|  27|0x0000000708600000, 0x0000000708800000, 0x0000000708800000|100%| E|CS|TAMS 0x0000000708600000, 0x0000000708600000| Complete 
|  72|0x000000070e000000, 0x000000070e1950a8, 0x000000070e200000| 79%| S|CS|TAMS 0x000000070e000000, 0x000000070e000000| Complete 
|  73|0x000000070e200000, 0x000000070e400000, 0x000000070e400000|100%| S|CS|TAMS 0x000000070e200000, 0x000000070e200000| Complete 
|  74|0x000000070e400000, 0x000000070e600000, 0x000000070e600000|100%| S|CS|TAMS 0x000000070e400000, 0x000000070e400000| Complete 
|  75|0x000000070e600000, 0x000000070e800000, 0x000000070e800000|100%| S|CS|TAMS 0x000000070e600000, 0x000000070e600000| Complete 
|  76|0x000000070e800000, 0x000000070ea00000, 0x000000070ea00000|100%| S|CS|TAMS 0x000000070e800000, 0x000000070e800000| Complete 
| 125|0x0000000714a00000, 0x0000000714c00000, 0x0000000714c00000|100%| E|  |TAMS 0x0000000714a00000, 0x0000000714a00000| Complete 

Card table byte_map: [0x0000025c3c650000,0x0000025c3ce30000] _byte_map_base: 0x0000025c38e28000

Marking Bits (Prev, Next): (CMBitMap*) 0x0000025c24a3cbe0, (CMBitMap*) 0x0000025c24a3cba0
 Prev Bits: [0x0000025c414d0000, 0x0000025c45390000)
 Next Bits: [0x0000025c3d610000, 0x0000025c414d0000)

Polling page: 0x0000025c22720000

Metaspace:

Usage:
  Non-class:     19.40 MB used.
      Class:      2.24 MB used.
       Both:     21.64 MB used.

Virtual space:
  Non-class space:       64.00 MB reserved,      19.62 MB ( 31%) committed,  1 nodes.
      Class space:        1.00 GB reserved,       2.44 MB ( <1%) committed,  1 nodes.
             Both:        1.06 GB reserved,      22.06 MB (  2%) committed. 

Chunk freelists:
   Non-Class:  432.00 KB
       Class:  1.42 MB
        Both:  1.84 MB

MaxMetaspaceSize: unlimited
CompressedClassSpaceSize: 1.00 GB
Initial GC threshold: 21.00 MB
Current GC threshold: 35.12 MB
CDS: on
MetaspaceReclaimPolicy: balanced
 - commit_granule_bytes: 65536.
 - commit_granule_words: 8192.
 - virtual_space_node_default_size: 8388608.
 - enlarge_chunks_in_place: 1.
 - new_chunks_are_fully_committed: 0.
 - uncommit_free_chunks: 1.
 - use_allocation_guard: 0.


Internal statistics:

num_allocs_failed_limit: 3.
num_arena_births: 424.
num_arena_deaths: 0.
num_vsnodes_births: 2.
num_vsnodes_deaths: 0.
num_space_committed: 353.
num_space_uncommitted: 0.
num_chunks_returned_to_freelist: 3.
num_chunks_taken_from_freelist: 1059.
num_chunk_merges: 3.
num_chunk_splits: 763.
num_chunks_enlarged: 590.
num_inconsistent_stats: 0.

CodeHeap 'non-profiled nmethods': size=120000Kb used=1639Kb max_used=1639Kb free=118360Kb
 bounds [0x0000025c343f0000, 0x0000025c34660000, 0x0000025c3b920000]
CodeHeap 'profiled nmethods': size=120000Kb used=7677Kb max_used=7677Kb free=112322Kb
 bounds [0x0000025c2c920000, 0x0000025c2d0a0000, 0x0000025c33e50000]
CodeHeap 'non-nmethods': size=5760Kb used=2440Kb max_used=2457Kb free=3319Kb
 bounds [0x0000025c33e50000, 0x0000025c340c0000, 0x0000025c343f0000]
 total_blobs=4387 nmethods=3590 adapters=707
 compilation: enabled
              stopped_count=0, restarted_count=0
 full_count=0

Compilation events (20 events):
Event: 22.019 Thread 0x0000025c48031890 3582 %     3       org.apache.xmlbeans.impl.common.XMLChar::<clinit> @ 4333 (4917 bytes)
Event: 22.024 Thread 0x0000025c48031890 nmethod 3582% 0x0000025c2d08e410 code [0x0000025c2d08e840, 0x0000025c2d092b18]
Event: 22.025 Thread 0x0000025c48031890 3583 %     3       org.apache.xmlbeans.impl.common.XMLChar::<clinit> @ 4485 (4917 bytes)
Event: 22.029 Thread 0x0000025c48031890 nmethod 3583% 0x0000025c2d093f10 code [0x0000025c2d094340, 0x0000025c2d098638]
Event: 22.029 Thread 0x0000025c48031890 3584       3       org.apache.xmlbeans.impl.common.XMLChar::<clinit> (4917 bytes)
Event: 22.030 Thread 0x0000025c48030780 3591       4       org.apache.xmlbeans.impl.store.Saver$TextSaver::isEscapedChar (25 bytes)
Event: 22.031 Thread 0x0000025c48030780 nmethod 3591 0x0000025c34584110 code [0x0000025c345842a0, 0x0000025c34584338]
Event: 22.033 Thread 0x0000025c48030780 3586       4       org.apache.xmlbeans.impl.store.Cur::push (57 bytes)
Event: 22.033 Thread 0x0000025c4c62e4f0 3587       4       org.apache.xmlbeans.impl.store.Cur$Locations::allocate (193 bytes)
Event: 22.034 Thread 0x0000025c48031890 nmethod 3584 0x0000025c2d099910 code [0x0000025c2d099d00, 0x0000025c2d09d9f8]
Event: 22.034 Thread 0x0000025c48031890 3585       3       org.apache.xmlbeans.impl.store.Saver::isBadChar (62 bytes)
Event: 22.035 Thread 0x0000025c48031890 nmethod 3585 0x0000025c2d09ea10 code [0x0000025c2d09ebe0, 0x0000025c2d09f0d8]
Event: 22.036 Thread 0x0000025c48031890 3590       3       org.apache.xmlbeans.impl.store.Saver$PrettySaveCur::getName (29 bytes)
Event: 22.036 Thread 0x0000025c48031890 nmethod 3590 0x0000025c2d09f190 code [0x0000025c2d09f360, 0x0000025c2d09f678]
Event: 22.043 Thread 0x0000025c4c62e4f0 nmethod 3587 0x0000025c34584410 code [0x0000025c34584620, 0x0000025c345850f0]
Event: 22.044 Thread 0x0000025c4c62e4f0 3588       4       org.apache.xmlbeans.impl.store.Cur$Locations::insert (15 bytes)
Event: 22.046 Thread 0x0000025c4c62e4f0 nmethod 3588 0x0000025c34585990 code [0x0000025c34585b20, 0x0000025c34585f38]
Event: 22.046 Thread 0x0000025c4c62e4f0 3589       4       org.apache.xmlbeans.impl.store.Cur::pop (49 bytes)
Event: 22.052 Thread 0x0000025c48030780 nmethod 3586 0x0000025c34586310 code [0x0000025c34586580, 0x0000025c345875f0]
Event: 22.058 Thread 0x0000025c4c62e4f0 nmethod 3589 0x0000025c34588490 code [0x0000025c345886a0, 0x0000025c34589308]

GC Heap History (6 events):
Event: 0.579 GC heap before
{Heap before GC invocations=0 (full 0):
 garbage-first heap   total 258048K, used 22528K [0x0000000705000000, 0x0000000800000000)
  region size 2048K, 11 young (22528K), 0 survivors (0K)
 Metaspace       used 6582K, committed 6848K, reserved 1114112K
  class space    used 702K, committed 832K, reserved 1048576K
}
Event: 0.584 GC heap after
{Heap after GC invocations=1 (full 0):
 garbage-first heap   total 258048K, used 7391K [0x0000000705000000, 0x0000000800000000)
  region size 2048K, 2 young (4096K), 2 survivors (4096K)
 Metaspace       used 6582K, committed 6848K, reserved 1114112K
  class space    used 702K, committed 832K, reserved 1048576K
}
Event: 1.011 GC heap before
{Heap before GC invocations=1 (full 0):
 garbage-first heap   total 258048K, used 31967K [0x0000000705000000, 0x0000000800000000)
  region size 2048K, 14 young (28672K), 2 survivors (4096K)
 Metaspace       used 13349K, committed 13696K, reserved 1114112K
  class space    used 1463K, committed 1600K, reserved 1048576K
}
Event: 1.017 GC heap after
{Heap after GC invocations=2 (full 0):
 garbage-first heap   total 258048K, used 9804K [0x0000000705000000, 0x0000000800000000)
  region size 2048K, 2 young (4096K), 2 survivors (4096K)
 Metaspace       used 13349K, committed 13696K, reserved 1114112K
  class space    used 1463K, committed 1600K, reserved 1048576K
}
Event: 1.813 GC heap before
{Heap before GC invocations=2 (full 0):
 garbage-first heap   total 258048K, used 101964K [0x0000000705000000, 0x0000000800000000)
  region size 2048K, 49 young (100352K), 2 survivors (4096K)
 Metaspace       used 21140K, committed 21504K, reserved 1114112K
  class space    used 2245K, committed 2432K, reserved 1048576K
}
Event: 1.820 GC heap after
{Heap after GC invocations=3 (full 0):
 garbage-first heap   total 258048K, used 17162K [0x0000000705000000, 0x0000000800000000)
  region size 2048K, 5 young (10240K), 5 survivors (10240K)
 Metaspace       used 21140K, committed 21504K, reserved 1114112K
  class space    used 2245K, committed 2432K, reserved 1048576K
}

Dll operation events (8 events):
Event: 0.010 Loaded shared library C:\Program Files\Java\jdk-19\bin\java.dll
Event: 0.016 Loaded shared library C:\Program Files\Java\jdk-19\bin\jsvml.dll
Event: 0.110 Loaded shared library C:\Program Files\Java\jdk-19\bin\net.dll
Event: 0.111 Loaded shared library C:\Program Files\Java\jdk-19\bin\nio.dll
Event: 0.113 Loaded shared library C:\Program Files\Java\jdk-19\bin\zip.dll
Event: 0.232 Loaded shared library C:\Program Files\Java\jdk-19\bin\jimage.dll
Event: 0.263 Loaded shared library C:\Program Files\Java\jdk-19\bin\verify.dll
Event: 0.326 Loaded shared library C:\Program Files\Java\jdk-19\bin\extnet.dll

Deoptimization events (20 events):
Event: 1.866 Thread 0x0000025c249cbd00 DEOPT PACKING pc=0x0000025c2cef1064 sp=0x000000b2dadfcb80
Event: 1.866 Thread 0x0000025c249cbd00 DEOPT UNPACKING pc=0x0000025c33eb7543 sp=0x000000b2dadfc048 mode 1
Event: 1.866 Thread 0x0000025c249cbd00 DEOPT PACKING pc=0x0000025c2cef0b5c sp=0x000000b2dadfcc10
Event: 1.866 Thread 0x0000025c249cbd00 DEOPT UNPACKING pc=0x0000025c33eb7543 sp=0x000000b2dadfc0e8 mode 1
Event: 1.866 Thread 0x0000025c249cbd00 DEOPT PACKING pc=0x0000025c2caf3861 sp=0x000000b2dadfc100
Event: 1.866 Thread 0x0000025c249cbd00 DEOPT UNPACKING pc=0x0000025c33eb7543 sp=0x000000b2dadfb558 mode 1
Event: 1.866 Thread 0x0000025c249cbd00 DEOPT PACKING pc=0x0000025c2cacbc5c sp=0x000000b2dadfc190
Event: 1.866 Thread 0x0000025c249cbd00 DEOPT UNPACKING pc=0x0000025c33eb7543 sp=0x000000b2dadfb638 mode 1
Event: 1.866 Thread 0x0000025c249cbd00 DEOPT PACKING pc=0x0000025c2cef1064 sp=0x000000b2dadfcb10
Event: 1.866 Thread 0x0000025c249cbd00 DEOPT UNPACKING pc=0x0000025c33eb7543 sp=0x000000b2dadfbfd8 mode 1
Event: 1.866 Thread 0x0000025c249cbd00 DEOPT PACKING pc=0x0000025c2cef0b5c sp=0x000000b2dadfcba0
Event: 1.866 Thread 0x0000025c249cbd00 DEOPT UNPACKING pc=0x0000025c33eb7543 sp=0x000000b2dadfc078 mode 1
Event: 21.999 Thread 0x0000025c249cbd00 Uncommon trap: trap_request=0xffffff45 fr.pc=0x0000025c345566cc relative=0x000000000000036c
Event: 21.999 Thread 0x0000025c249cbd00 Uncommon trap: reason=unstable_if action=reinterpret pc=0x0000025c345566cc method=org.apache.xmlbeans.impl.store.Saver$FragSaveCur.kind()I @ 4 c2
Event: 21.999 Thread 0x0000025c249cbd00 DEOPT PACKING pc=0x0000025c345566cc sp=0x000000b2dadfdd30
Event: 21.999 Thread 0x0000025c249cbd00 DEOPT UNPACKING pc=0x0000025c33eb6da3 sp=0x000000b2dadfdce8 mode 2
Event: 22.030 Thread 0x0000025c249cbd00 Uncommon trap: trap_request=0xffffff3d fr.pc=0x0000025c3452aa18 relative=0x0000000000000078
Event: 22.030 Thread 0x0000025c249cbd00 Uncommon trap: reason=unstable_fused_if action=reinterpret pc=0x0000025c3452aa18 method=org.apache.xmlbeans.impl.store.Saver.isBadChar(C)Z @ 17 c2
Event: 22.030 Thread 0x0000025c249cbd00 DEOPT PACKING pc=0x0000025c3452aa18 sp=0x000000b2dadfddb0
Event: 22.030 Thread 0x0000025c249cbd00 DEOPT UNPACKING pc=0x0000025c33eb6da3 sp=0x000000b2dadfdd40 mode 2

Classes loaded (20 events):
Event: 1.800 Loading class sun/reflect/generics/tree/BooleanSignature
Event: 1.800 Loading class sun/reflect/generics/tree/BooleanSignature done
Event: 1.800 Loading class sun/reflect/generics/reflectiveObjects/GenericArrayTypeImpl
Event: 1.800 Loading class sun/reflect/generics/reflectiveObjects/GenericArrayTypeImpl done
Event: 1.804 Loading class jdk/internal/vm/annotation/ForceInline
Event: 1.804 Loading class jdk/internal/vm/annotation/ForceInline done
Event: 1.808 Loading class sun/reflect/MagicAccessorImpl
Event: 1.808 Loading class sun/reflect/MagicAccessorImpl done
Event: 1.832 Loading class java/security/AllPermissionCollection
Event: 1.832 Loading class java/security/AllPermissionCollection done
Event: 1.853 Loading class java/lang/EnumBeanInfo
Event: 1.853 Loading class java/lang/EnumBeanInfo done
Event: 1.853 Loading class java/lang/EnumBeanInfo
Event: 1.853 Loading class java/lang/EnumBeanInfo done
Event: 1.853 Loading class java/lang/EnumCustomizer
Event: 1.853 Loading class java/lang/EnumCustomizer done
Event: 1.853 Loading class java/lang/EnumCustomizer
Event: 1.853 Loading class java/lang/EnumCustomizer done
Event: 1.853 Loading class sun/reflect/generics/tree/IntSignature
Event: 1.853 Loading class sun/reflect/generics/tree/IntSignature done

Classes unloaded (0 events):
No events

Classes redefined (2 events):
Event: 400.396 Thread 0x0000025c48000e30 redefined class name=com.origin.tests.LeadCreationAPI, count=1
Event: 523.712 Thread 0x0000025c48000e30 redefined class name=com.origin.tests.LeadCreationAPI, count=2

Internal exceptions (20 events):
Event: 1.747 Thread 0x0000025c249cbd00 Exception <a 'java/lang/ClassNotFoundException'{0x000000070ee0a8a8}: groovy/lang/MetaClassImplCustomizer> (0x000000070ee0a8a8) 
thrown [s\open\src\hotspot\share\classfile\systemDictionary.cpp, line 255]
Event: 1.748 Thread 0x0000025c249cbd00 Exception <a 'java/lang/ClassNotFoundException'{0x000000070ee2d0a8}: groovy/lang/ExpandoMetaClassCustomizer> (0x000000070ee2d0a8) 
thrown [s\open\src\hotspot\share\classfile\systemDictionary.cpp, line 255]
Event: 1.762 Thread 0x0000025c249cbd00 Exception <a 'java/lang/ClassNotFoundException'{0x000000070ef2c1f0}: io/restassured/authentication/NoAuthSchemeBeanInfo> (0x000000070ef2c1f0) 
thrown [s\open\src\hotspot\share\classfile\systemDictionary.cpp, line 255]
Event: 1.763 Thread 0x0000025c249cbd00 Exception <a 'java/lang/ClassNotFoundException'{0x000000070ef2fa98}: io/restassured/authentication/NoAuthSchemeCustomizer> (0x000000070ef2fa98) 
thrown [s\open\src\hotspot\share\classfile\systemDictionary.cpp, line 255]
Event: 1.786 Thread 0x0000025c249cbd00 Exception <a 'java/lang/NoClassDefFoundError'{0x000000070ecd2fe0}: org/apache/log4j/Priority> (0x000000070ecd2fe0) 
thrown [s\open\src\hotspot\share\classfile\systemDictionary.cpp, line 244]
Event: 1.796 Thread 0x0000025c249cbd00 Exception <a 'java/lang/ClassNotFoundException'{0x000000070ed632b0}: org/apache/http/conn/ssl/X509HostnameVerifierBeanInfo> (0x000000070ed632b0) 
thrown [s\open\src\hotspot\share\classfile\systemDictionary.cpp, line 255]
Event: 1.796 Thread 0x0000025c249cbd00 Exception <a 'java/lang/ClassNotFoundException'{0x000000070ed66f60}: org/apache/http/conn/ssl/X509HostnameVerifierCustomizer> (0x000000070ed66f60) 
thrown [s\open\src\hotspot\share\classfile\systemDictionary.cpp, line 255]
Event: 1.799 Thread 0x0000025c249cbd00 Exception <a 'java/lang/ClassNotFoundException'{0x000000070ed914f8}: java/lang/ClassBeanInfo> (0x000000070ed914f8) 
thrown [s\open\src\hotspot\share\classfile\systemDictionary.cpp, line 255]
Event: 1.799 Thread 0x0000025c249cbd00 Exception <a 'java/lang/ClassNotFoundException'{0x000000070ed921c0}: java/lang/ClassCustomizer> (0x000000070ed921c0) 
thrown [s\open\src\hotspot\share\classfile\systemDictionary.cpp, line 255]
Event: 1.833 Thread 0x0000025c249cbd00 Exception <a 'java/lang/NoSuchMethodError'{0x0000000714adad68}: 'java.lang.Object java.lang.invoke.DirectMethodHandle$Holder.newInvokeSpecial(java.lang.Object, java.lang.Object, java.lang.Object, java.lang.Object, java.lang.Object, java.lang.Object)'> (0x0000000714adad68) 
thrown [s\open\src\hotspot\share\interpreter\linkResolver.cpp, line 774]
Event: 1.849 Thread 0x0000025c249cbd00 Exception <a 'java/lang/ClassNotFoundException'{0x0000000714b8a670}: io/restassured/internal/common/assertion/AssertParameterBeanInfo> (0x0000000714b8a670) 
thrown [s\open\src\hotspot\share\classfile\systemDictionary.cpp, line 255]
Event: 1.849 Thread 0x0000025c249cbd00 Exception <a 'java/lang/ClassNotFoundException'{0x0000000714b8e3c8}: io/restassured/internal/common/assertion/AssertParameterCustomizer> (0x0000000714b8e3c8) 
thrown [s\open\src\hotspot\share\classfile\systemDictionary.cpp, line 255]
Event: 1.853 Thread 0x0000025c249cbd00 Exception <a 'java/lang/ClassNotFoundException'{0x0000000714bba198}: io/restassured/config/MatcherConfig$ErrorDescriptionTypeBeanInfo> (0x0000000714bba198) 
thrown [s\open\src\hotspot\share\classfile\systemDictionary.cpp, line 255]
Event: 1.853 Thread 0x0000025c249cbd00 Exception <a 'java/lang/ClassNotFoundException'{0x0000000714bbae98}: java/lang/EnumBeanInfo> (0x0000000714bbae98) 
thrown [s\open\src\hotspot\share\classfile\systemDictionary.cpp, line 255]
Event: 1.853 Thread 0x0000025c249cbd00 Exception <a 'java/lang/ClassNotFoundException'{0x0000000714bbbb48}: java/lang/EnumCustomizer> (0x0000000714bbbb48) 
thrown [s\open\src\hotspot\share\classfile\systemDictionary.cpp, line 255]
Event: 1.854 Thread 0x0000025c249cbd00 Exception <a 'java/lang/ClassNotFoundException'{0x0000000714bc88d8}: io/restassured/config/MatcherConfig$ErrorDescriptionTypeCustomizer> (0x0000000714bc88d8) 
thrown [s\open\src\hotspot\share\classfile\systemDictionary.cpp, line 255]
Event: 1.864 Thread 0x0000025c249cbd00 Exception <a 'java/lang/ClassNotFoundException'{0x00000007084b9f68}: io/restassured/internal/LogRequestAndResponseOnFailListenerBeanInfo> (0x00000007084b9f68) 
thrown [s\open\src\hotspot\share\classfile\systemDictionary.cpp, line 255]
Event: 1.864 Thread 0x0000025c249cbd00 Exception <a 'java/lang/ClassNotFoundException'{0x00000007084bdd08}: io/restassured/internal/LogRequestAndResponseOnFailListenerCustomizer> (0x00000007084bdd08) 
thrown [s\open\src\hotspot\share\classfile\systemDictionary.cpp, line 255]
Event: 1.866 Thread 0x0000025c249cbd00 Exception <a 'java/lang/ClassNotFoundException'{0x00000007084dc598}: io/restassured/config/CsrfConfig$CsrfPrioritizationBeanInfo> (0x00000007084dc598) 
thrown [s\open\src\hotspot\share\classfile\systemDictionary.cpp, line 255]
Event: 1.866 Thread 0x0000025c249cbd00 Exception <a 'java/lang/ClassNotFoundException'{0x00000007084e00c0}: io/restassured/config/CsrfConfig$CsrfPrioritizationCustomizer> (0x00000007084e00c0) 
thrown [s\open\src\hotspot\share\classfile\systemDictionary.cpp, line 255]

VM Operations (20 events):
Event: 400.421 Executing VM operation: ChangeSingleStep done
Event: 400.436 Executing VM operation: get/set locals
Event: 400.436 Executing VM operation: get/set locals done
Event: 523.696 Executing VM operation: ChangeSingleStep
Event: 523.696 Executing VM operation: ChangeSingleStep done
Event: 523.697 Executing VM operation: ChangeSingleStep
Event: 523.697 Executing VM operation: ChangeSingleStep done
Event: 523.707 Executing VM operation: RedefineClasses
Event: 523.719 Executing VM operation: RedefineClasses done
Event: 523.725 Executing VM operation: ChangeBreakpoints
Event: 523.726 Executing VM operation: ChangeBreakpoints done
Event: 523.731 Executing VM operation: ChangeBreakpoints
Event: 523.732 Executing VM operation: ChangeBreakpoints done
Event: 523.733 Executing VM operation: ChangeSingleStep
Event: 523.733 Executing VM operation: ChangeSingleStep done
Event: 523.734 Executing VM operation: get/set locals
Event: 523.734 Executing VM operation: get/set locals done
Event: 523.735 Executing VM operation: ChangeSingleStep
Event: 523.735 Executing VM operation: ChangeSingleStep done
Event: 523.749 Executing VM operation: get/set locals

Events (20 events):
Event: 0.024 Thread 0x0000025c48022e80 Thread added: 0x0000025c48022e80
Event: 0.024 Thread 0x0000025c480267f0 Thread added: 0x0000025c480267f0
Event: 0.024 Thread 0x0000025c48029130 Thread added: 0x0000025c48029130
Event: 0.025 Thread 0x0000025c4802a9a0 Thread added: 0x0000025c4802a9a0
Event: 0.025 Thread 0x0000025c4802ebe0 Thread added: 0x0000025c4802ebe0
Event: 0.025 Thread 0x0000025c48030780 Thread added: 0x0000025c48030780
Event: 0.025 Thread 0x0000025c48031890 Thread added: 0x0000025c48031890
Event: 0.025 Thread 0x0000025c480429c0 Thread added: 0x0000025c480429c0
Event: 0.068 Thread 0x0000025c4c5171b0 Thread added: 0x0000025c4c5171b0
Event: 0.069 Thread 0x0000025c4c5375c0 Thread added: 0x0000025c4c5375c0
Event: 0.069 Thread 0x0000025c4c53db30 Thread added: 0x0000025c4c53db30
Event: 0.101 Thread 0x0000025c4c540000 Thread added: 0x0000025c4c540000
Event: 0.107 Thread 0x0000025c4c555b30 Thread added: 0x0000025c4c555b30
Event: 0.126 Thread 0x0000025c4c62e4f0 Thread added: 0x0000025c4c62e4f0
Event: 0.330 Thread 0x0000025c4cf869b0 Thread added: 0x0000025c4cf869b0
Event: 1.237 Thread 0x0000025c4d84d4d0 Thread added: 0x0000025c4d84d4d0
Event: 6.873 Thread 0x0000025c4d84d4d0 Thread exited: 0x0000025c4d84d4d0
Event: 11.886 Thread 0x0000025c4c62e4f0 Thread exited: 0x0000025c4c62e4f0
Event: 22.033 Thread 0x0000025c4c62e4f0 Thread added: 0x0000025c4c62e4f0
Event: 27.068 Thread 0x0000025c4c62e4f0 Thread exited: 0x0000025c4c62e4f0


Dynamic libraries:
0x00007ff793b00000 - 0x00007ff793b10000 	C:\Program Files\Java\jdk-19\bin\javaw.exe
0x00007ffc17070000 - 0x00007ffc17284000 	C:\windows\SYSTEM32\ntdll.dll
0x00007ffc16640000 - 0x00007ffc16703000 	C:\windows\System32\KERNEL32.DLL
0x00007ffc14660000 - 0x00007ffc149fd000 	C:\windows\System32\KERNELBASE.dll
0x00007ffc14a00000 - 0x00007ffc14b11000 	C:\windows\System32\ucrtbase.dll
0x00007ffbe7c10000 - 0x00007ffbe7c28000 	C:\Program Files\Java\jdk-19\bin\jli.dll
0x00007ffc15830000 - 0x00007ffc158de000 	C:\windows\System32\ADVAPI32.dll
0x00007ffc14e60000 - 0x00007ffc14f07000 	C:\windows\System32\msvcrt.dll
0x00007ffc16780000 - 0x00007ffc16824000 	C:\windows\System32\sechost.dll
0x00007ffc15b20000 - 0x00007ffc15c35000 	C:\windows\System32\RPCRT4.dll
0x00007ffc16af0000 - 0x00007ffc16c9d000 	C:\windows\System32\USER32.dll
0x00007ffc14630000 - 0x00007ffc14656000 	C:\windows\System32\win32u.dll
0x00007ffc16710000 - 0x00007ffc16739000 	C:\windows\System32\GDI32.dll
0x00007ffc14490000 - 0x00007ffc145a2000 	C:\windows\System32\gdi32full.dll
0x00007ffc14c90000 - 0x00007ffc14d2a000 	C:\windows\System32\msvcp_win.dll
0x00007ffbe32f0000 - 0x00007ffbe330b000 	C:\Program Files\Java\jdk-19\bin\VCRUNTIME140.dll
0x00007ffbf13b0000 - 0x00007ffbf163e000 	C:\windows\WinSxS\amd64_microsoft.windows.common-controls_6595b64144ccf1df_6.0.22621.608_none_a9444ca7c10bb01d\COMCTL32.dll
0x00007ffc09b40000 - 0x00007ffc09b4a000 	C:\windows\SYSTEM32\VERSION.dll
0x00007ffc16740000 - 0x00007ffc16772000 	C:\windows\System32\IMM32.DLL
0x00007ffc02010000 - 0x00007ffc0201c000 	C:\Program Files\Java\jdk-19\bin\vcruntime140_1.dll
0x00007ffbd20c0000 - 0x00007ffbd214e000 	C:\Program Files\Java\jdk-19\bin\msvcp140.dll
0x00007ffb98fc0000 - 0x00007ffb99c80000 	C:\Program Files\Java\jdk-19\bin\server\jvm.dll
0x00007ffbee900000 - 0x00007ffbee909000 	C:\windows\SYSTEM32\WSOCK32.dll
0x00007ffc157b0000 - 0x00007ffc15821000 	C:\windows\System32\WS2_32.dll
0x00007ffc0b660000 - 0x00007ffc0b694000 	C:\windows\SYSTEM32\WINMM.dll
0x00007ffc13470000 - 0x00007ffc13488000 	C:\windows\SYSTEM32\kernel.appcore.dll
0x00007ffbff6f0000 - 0x00007ffbff6fa000 	C:\Program Files\Java\jdk-19\bin\jimage.dll
0x00007ffc11e50000 - 0x00007ffc1207e000 	C:\windows\SYSTEM32\DBGHELP.DLL
0x00007ffc161c0000 - 0x00007ffc1654a000 	C:\windows\System32\combase.dll
0x00007ffc16560000 - 0x00007ffc16637000 	C:\windows\System32\OLEAUT32.dll
0x00007ffc03160000 - 0x00007ffc03192000 	C:\windows\SYSTEM32\dbgcore.DLL
0x00007ffc145b0000 - 0x00007ffc1462b000 	C:\windows\System32\bcryptPrimitives.dll
0x00007ffbd7600000 - 0x00007ffbd763c000 	C:\Program Files\Java\jdk-19\bin\jdwp.dll
0x00007ffbe1b30000 - 0x00007ffbe1b56000 	C:\Program Files\Java\jdk-19\bin\java.dll
0x00007ffbd1fd0000 - 0x00007ffbd20a7000 	C:\Program Files\Java\jdk-19\bin\jsvml.dll
0x00007ffc14f10000 - 0x00007ffc156ff000 	C:\windows\System32\SHELL32.dll
0x00007ffc12430000 - 0x00007ffc12cf8000 	C:\windows\SYSTEM32\windows.storage.dll
0x00007ffc122f0000 - 0x00007ffc1242e000 	C:\windows\SYSTEM32\wintypes.dll
0x00007ffc16ee0000 - 0x00007ffc16fd1000 	C:\windows\System32\SHCORE.dll
0x00007ffc158e0000 - 0x00007ffc1593e000 	C:\windows\System32\shlwapi.dll
0x00007ffc143c0000 - 0x00007ffc143e1000 	C:\windows\SYSTEM32\profapi.dll
0x00007ffbeb540000 - 0x00007ffbeb54c000 	C:\Program Files\Java\jdk-19\bin\dt_socket.dll
0x00007ffc12f10000 - 0x00007ffc12f3d000 	C:\windows\SYSTEM32\IPHLPAPI.DLL
0x00007ffc13930000 - 0x00007ffc13999000 	C:\windows\system32\mswsock.dll
0x00007ffc12f40000 - 0x00007ffc13032000 	C:\windows\SYSTEM32\DNSAPI.dll
0x00007ffc161b0000 - 0x00007ffc161b9000 	C:\windows\System32\NSI.dll
0x00007ffc0bbe0000 - 0x00007ffc0bbea000 	C:\Windows\System32\rasadhlp.dll
0x00007ffc0b920000 - 0x00007ffc0b9a3000 	C:\windows\System32\fwpuclnt.dll
0x00007ffbe8cf0000 - 0x00007ffbe8d03000 	C:\Program Files\Java\jdk-19\bin\net.dll
0x00007ffc0f2e0000 - 0x00007ffc0f40f000 	C:\windows\SYSTEM32\WINHTTP.dll
0x00007ffbe19a0000 - 0x00007ffbe19b6000 	C:\Program Files\Java\jdk-19\bin\nio.dll
0x00007ffbdea60000 - 0x00007ffbdea78000 	C:\Program Files\Java\jdk-19\bin\zip.dll
0x00007ffbff6e0000 - 0x00007ffbff6f0000 	C:\Program Files\Java\jdk-19\bin\verify.dll
0x00007ffbe2790000 - 0x00007ffbe2798000 	C:\Program Files\Java\jdk-19\bin\extnet.dll
0x00007ffc13ba0000 - 0x00007ffc13bbb000 	C:\windows\SYSTEM32\CRYPTSP.dll
0x00007ffc13430000 - 0x00007ffc13465000 	C:\windows\system32\rsaenh.dll
0x00007ffc13a40000 - 0x00007ffc13a68000 	C:\windows\SYSTEM32\USERENV.dll
0x00007ffc13d60000 - 0x00007ffc13d88000 	C:\windows\SYSTEM32\bcrypt.dll
0x00007ffc13bc0000 - 0x00007ffc13bcc000 	C:\windows\SYSTEM32\CRYPTBASE.dll
0x00007ffc0bfd0000 - 0x00007ffc0bfe9000 	C:\windows\SYSTEM32\dhcpcsvc6.DLL
0x00007ffc0bfb0000 - 0x00007ffc0bfcf000 	C:\windows\SYSTEM32\dhcpcsvc.DLL

dbghelp: loaded successfully - version: 4.0.5 - missing functions: none
symbol engine: initialized successfully - sym options: 0x614 - pdb path: .;C:\Program Files\Java\jdk-19\bin;C:\windows\SYSTEM32;C:\windows\WinSxS\amd64_microsoft.windows.common-controls_6595b64144ccf1df_6.0.22621.608_none_a9444ca7c10bb01d;C:\Program Files\Java\jdk-19\bin\server

VM Arguments:
jvm_args: -XX:+ShowCodeDetailsInExceptionMessages -agentlib:jdwp=transport=dt_socket,suspend=y,address=localhost:56939 -ea -Dfile.encoding=UTF-8 
java_command: org.testng.remote.RemoteTestNG -serport 56938 -protocol json -d D:\eclipse_workspace\OriginAPI\test-output D:\eclipse_workspace\OriginAPI\testng.xml
java_class_path (initial): C:\Users\SENJUTI BHADRA\eclipse\java-2022-09\eclipse\configuration\org.eclipse.osgi\438\0\.cp\lib\testng-remote.jar;D:\eclipse_workspace\OriginAPI\target\test-classes;D:\eclipse_workspace\OriginAPI\target\classes;C:\Users\SENJUTI BHADRA\.m2\repository\org\seleniumhq\selenium\selenium-java\4.6.0\selenium-java-4.6.0.jar;C:\Users\SENJUTI BHADRA\.m2\repository\org\seleniumhq\selenium\selenium-api\4.6.0\selenium-api-4.6.0.jar;C:\Users\SENJUTI BHADRA\.m2\repository\org\seleniumhq\selenium\selenium-chrome-driver\4.6.0\selenium-chrome-driver-4.6.0.jar;C:\Users\SENJUTI BHADRA\.m2\repository\com\google\auto\service\auto-service-annotations\1.0.1\auto-service-annotations-1.0.1.jar;C:\Users\SENJUTI BHADRA\.m2\repository\com\google\auto\service\auto-service\1.0.1\auto-service-1.0.1.jar;C:\Users\SENJUTI BHADRA\.m2\repository\com\google\auto\auto-common\1.2\auto-common-1.2.jar;C:\Users\SENJUTI BHADRA\.m2\repository\com\google\guava\guava\31.1-jre\guava-31.1-jre.jar;C:\Users\SENJUTI BHADRA\.m2\repository\com\google\guava\failureaccess\1.0.1\failureaccess-1.0.1.jar;C:\Users\SENJUTI BHADRA\.m2\repository\com\google\guava\listenablefuture\9999.0-empty-to-avoid-conflict-with-guava\listenablefuture-9999.0-empty-to-avoid-conflict-with-guava.jar;C:\Users\SENJUTI BHADRA\.m2\repository\org\checkerframework\checker-qual\3.12.0\checker-qual-3.12.0.jar;C:\Users\SENJUTI BHADRA\.m2\repository\com\google\errorprone\error_prone_annotations\2.11.0\error_prone_annotations-2.11.0.jar;C:\Users\SENJUTI BHADRA\.m2\repository\com\google\j2objc\j2objc-annotations\1.3\j2objc-annotations-1.3.jar;C:\Users\SENJUTI BHADRA\.m2\repository\org\seleniumhq\selenium\selenium-chromium-driver\4.6.0\selenium-chromium-driver-4.6.0.jar;C:\Users\SENJUTI BHADRA\.m2\repository\org\seleniumhq\selenium\selenium-json\4.6.0\selenium-json-4.6.0.jar;C:\Users\SENJUTI BHADRA\.m2\repository\org\seleniumhq\selenium\selenium-devtools-v105\4.6.0\selenium-devtools-v105-4.6.0.jar;C:\Users\SENJUTI BHADRA\.m2\repository\org\seleniumhq\selenium\selenium-devtools-v106\4.6.0\selenium-devtools-v106-4.6.0.jar;C:\Users\SENJUTI BHADRA\.m2\repository\org\seleniumhq\selenium\selenium-devtools-v107\4.6.0\selenium-devtools-v107-4.6.0.jar;C:\Users\SENJUTI BHADRA\.m2\repository\org\seleniumhq\selenium\selenium-devtools-v85\4.6.0\selenium-devtools-v85-4.6.0.jar;C:\Users\SENJUTI BHADRA\.m2\repository\org\seleniumhq\selenium\selenium-edge-driver\4.6.0\selenium-edge-driver-4.6.0.jar;C:\Users\SENJUTI BHADRA\.m2\repository\org\seleniumhq\selenium\selenium-firefox-driver\4.6.0\selenium-firefox-driver-4.6.0.jar;C:\Users\SENJUTI BHADRA\.m2\repository\org\seleniumhq\selenium\selenium-ie-driver\4.6.0\selenium-ie-driver-4.6.0.jar;C:\Users\SENJUTI BHADRA\.m2\repository\org\seleniumhq\selenium\selenium-remote-driver\4.6.0\selenium-remote-driver-4.6.0.jar;C:\Users\SENJUTI BHADRA\.m2\repository\io\netty\netty-buffer\4.1.84.Final\netty-buffer-4.1.84.Final.jar;C:\Users\SENJUTI BHADRA\.m2\repository\io\netty\netty-codec-http\4.1.84.Final\netty-codec-http-4.1.84.Final.jar;C:\Users\SENJUTI BHADRA\.m2\repository\io\netty\netty-codec\4.1.84.Final\netty-codec-4.1.84.Final.jar;C:\Users\SENJUTI BHADRA\.m2\repository\io\netty\netty-handler\4.1.84.Final\netty-handler-4.1.84.Final.jar;C:\Users\SENJUTI BHADRA\.m2\repository\io\netty\netty-common\4.1.84.Final\netty-common-4.1.84.Final.jar;C:\Users\SENJUTI BHADRA\.m2\repository\io\netty\netty-transport-classes-epoll\4.1.84.Final\netty-transport-classes-epoll-4.1.84.Final.jar;C:\Users\SENJUTI BHADRA\.m2\repository\io\netty\netty-transport-classes-kqueue\4.1.84.Final\netty-transport-classes-kqueue-4.1.84.Final.jar;C:\Users\SENJUTI BHADRA\.m2\repository\io\netty\netty-transport-native-epoll\4.1.84.Final\netty-transport-native-epoll-4.1.84.Final.jar;C:\Users\SENJUTI BHADRA\.m2\repository\io\netty\netty-transport-native-kqueue\4.1.84.Final\netty-transport-native-kqueue-4.1.84.Final.jar;C:\Users\SENJUTI BHADRA\.m2\repository\io\netty\netty-transport-native-unix-common\4.1.84.Final\netty-transport-native-unix-common-4.1.84.Final.jar;C:\Users\SENJUTI BHADRA\.m2\repository\io\netty\netty-transport\4.1.84.Final\netty-transport-4.1.84.Final.jar;C:\Users\SENJUTI BHADRA\.m2\repository\io\netty\netty-resolver\4.1.84.Final\netty-resolver-4.1.84.Final.jar;C:\Users\SENJUTI BHADRA\.m2\repository\io\opentelemetry\opentelemetry-api\1.19.0\opentelemetry-api-1.19.0.jar;C:\Users\SENJUTI BHADRA\.m2\repository\io\opentelemetry\opentelemetry-context\1.19.0\opentelemetry-context-1.19.0.jar;C:\Users\SENJUTI BHADRA\.m2\repository\io\opentelemetry\opentelemetry-exporter-logging\1.19.0\opentelemetry-exporter-logging-1.19.0.jar;C:\Users\SENJUTI BHADRA\.m2\repository\io\opentelemetry\opentelemetry-sdk-metrics\1.19.0\opentelemetry-sdk-metrics-1.19.0.jar;C:\Users\SENJUTI BHADRA\.m2\repository\io\opentelemetry\opentelemetry-sdk-logs\1.19.0-alpha\opentelemetry-sdk-logs-1.19.0-alpha.jar;C:\Users\SENJUTI BHADRA\.m2\repository\io\opentelemetry\opentelemetry-api-logs\1.19.0-alpha\opentelemetry-api-logs-1.19.0-alpha.jar;C:\Users\SENJUTI BHADRA\.m2\repository\io\opentelemetry\opentelemetry-sdk-common\1.19.0\opentelemetry-sdk-common-1.19.0.jar;C:\Users\SENJUTI BHADRA\.m2\repository\io\opentelemetry\opentelemetry-sdk-extension-autoconfigure-spi\1.19.0\opentelemetry-sdk-extension-autoconfigure-spi-1.19.0.jar;C:\Users\SENJUTI BHADRA\.m2\repository\io\opentelemetry\opentelemetry-sdk-extension-autoconfigure\1.19.0-alpha\opentelemetry-sdk-extension-autoconfigure-1.19.0-alpha.jar;C:\Users\SENJUTI BHADRA\.m2\repository\io\opentelemetry\opentelemetry-exporter-common\1.19.0\opentelemetry-exporter-common-1.19.0.jar;C:\Users\SENJUTI BHADRA\.m2\repository\io\opentelemetry\opentelemetry-sdk-trace\1.19.0\opentelemetry-sdk-trace-1.19.0.jar;C:\Users\SENJUTI BHADRA\.m2\repository\io\opentelemetry\opentelemetry-sdk\1.19.0\opentelemetry-sdk-1.19.0.jar;C:\Users\SENJUTI BHADRA\.m2\repository\io\opentelemetry\opentelemetry-semconv\1.19.0-alpha\opentelemetry-semconv-1.19.0-alpha.jar;C:\Users\SENJUTI BHADRA\.m2\repository\io\ous\jtoml\2.0.0\jtoml-2.0.0.jar;C:\Users\SENJUTI BHADRA\.m2\repository\net\bytebuddy\byte-buddy\1.12.18\byte-buddy-1.12.18.jar;C:\Users\SENJUTI BHADRA\.m2\repository\org\apache\commons\commons-exec\1.3\commons-exec-1.3.jar;C:\Users\SENJUTI BHADRA\.m2\repository\org\asynchttpclient\async-http-client\2.12.3\async-http-client-2.12.3.jar;C:\Users\SENJUTI BHADRA\.m2\repository\org\asynchttpclient\async-http-client-netty-utils\2.12.3\async-http-client-netty-utils-2.12.3.jar;C:\Users\SENJUTI BHADRA\.m2\repository\io\netty\netty-codec-socks\4.1.60.Final\netty-codec-socks-4.1.60.Final.jar;C:\Users\SENJUTI BHADRA\.m2\repository\io\netty\netty-handler-proxy\4.1.60.Final\netty-handler-proxy-4.1.60.Final.jar;C:\Users\SENJUTI BHADRA\.m2\repository\io\netty\netty-transport-native-epoll\4.1.60.Final\netty-transport-native-epoll-4.1.60.Final-linux-x86_64.jar;C:\Users\SENJUTI BHADRA\.m2\repository\io\netty\netty-transport-native-kqueue\4.1.60.Final\netty-transport-native-kqueue-4.1.60.Final-osx-x86_64.jar;C:\Users\SENJUTI BHADRA\.m2\repository\com\typesafe\netty\netty-reactive-streams\2.0.4\netty-reactive-streams-2.0.4.jar;C:\Users\SENJUTI BHADRA\.m2\repository\com\sun\activation\jakarta.activation\1.2.2\jakarta.activation-1.2.2.jar;C:\Users\SENJUTI BHADRA\.m2\repository\org\seleniumhq\selenium\selenium-http\4.6.0\selenium-http-4.6.0.jar;C:\Users\SENJUTI BHADRA\.m2\repository\dev\failsafe\failsafe\3.3.0\failsafe-3.3.0.jar;C:\Users\SENJUTI BHADRA\.m2\repository\org\seleniumhq\selenium\selenium-manager\4.6.0\selenium-manager-4.6.0.jar;C:\Users\SENJUTI BHADRA\.m2\repository\org\seleniumhq\selenium\selenium-safari-driver\4.6.0\selenium-safari-driver-4.6.0.jar;C:\Users\SENJUTI BHADRA\.m2\repository\org\seleniumhq\selenium\selenium-support\4.6.0\selenium-support-4.6.0.jar;C:\Users\SENJUTI BHADRA\.m2\repository\io\rest-assured\rest-assured\5.3.0\rest-assured-5.3.0.jar;C:\Users\SENJUTI BHADRA\.m2\repository\org\apache\groovy\groovy\4.0.6\groovy-4.0.6.jar;C:\Users\SENJUTI BHADRA\.m2\repository\org\apache\groovy\groovy-xml\4.0.6\groovy-xml-4.0.6.jar;C:\Users\SENJUTI BHADRA\.m2\repository\org\apache\httpcomponents\httpclient\4.5.13\httpclient-4.5.13.jar;C:\Users\SENJUTI BHADRA\.m2\repository\org\apache\httpcomponents\httpcore\4.4.13\httpcore-4.4.13.jar;C:\Users\SENJUTI BHADRA\.m2\repository\commons-logging\commons-logging\1.2\commons-logging-1.2.jar;C:\Users\SENJUTI BHADRA\.m2\repository\org\apache\httpcomponents\httpmime\4.5.13\httpmime-4.5.13.jar;C:\Users\SENJUTI BHADRA\.m2\repository\org\hamcrest\hamcrest\2.1\hamcrest-2.1.jar;C:\Users\SENJUTI BHADRA\.m2\repository\org\ccil\cowan\tagsoup\tagsoup\1.2.1\tagsoup-1.2.1.jar;C:\Users\SENJUTI BHADRA\.m2\repository\io\rest-assured\json-path\5.3.0\json-path-5.3.0.jar;C:\Users\SENJUTI BHADRA\.m2\repository\org\apache\groovy\groovy-json\4.0.6\groovy-json-4.0.6.jar;C:\Users\SENJUTI BHADRA\.m2\repository\io\rest-assured\rest-assured-common\5.3.0\rest-assured-common-5.3.0.jar;C:\Users\SENJUTI BHADRA\.m2\repository\io\rest-assured\xml-path\5.3.0\xml-path-5.3.0.jar;C:\Users\SENJUTI BHADRA\.m2\repository\org\apache\commons\commons-lang3\3.11\commons-lang3-3.11.jar;C:\Users\SENJUTI BHADRA\.m2\repository\org\testng\testng\7.6.0\testng-7.6.0.jar;C:\Users\SENJUTI BHADRA\.m2\repository\com\google\code\findbugs\jsr305\3.0.2\jsr305-3.0.2.jar;C:\Users\SENJUTI BHADRA\.m2\repository\org\slf4j\slf4j-api\1.7.36\slf4j-api-1.7.36.jar;C:\Users\SENJUTI BHADRA\.m2\repository\com\beust\jcommander\1.82\jcommander-1.82.jar;C:\Users\SENJUTI BHADRA\.m2\repository\org\webjars\jquery\3.6.0\jquery-3.6.0.jar;C:\Users\SENJUTI BHADRA\.m2\repository\com\googlecode\json-simple\json-simple\1.1.1\json-simple-1.1.1.jar;C:\Users\SENJUTI BHADRA\.m2\repository\junit\junit\4.10\junit-4.10.jar;C:\Users\SENJUTI BHADRA\.m2\repository\org\hamcrest\hamcrest-core\1.1\hamcrest-core-1.1.jar;C:\Users\SENJUTI BHADRA\.m2\repository\org\apache\poi\poi\5.2.3\poi-5.2.3.jar;C:\Users\SENJUTI BHADRA\.m2\repository\commons-codec\commons-codec\1.15\commons-codec-1.15.jar;C:\Users\SENJUTI BHADRA\.m2\repository\org\apache\commons\commons-collections4\4.4\commons-collections4-4.4.jar;C:\Users\SENJUTI BHADRA\.m2\repository\org\apache\commons\commons-math3\3.6.1\commons-math3-3.6.1.jar;C:\Users\SENJUTI BHADRA\.m2\repository\commons-io\commons-io\2.11.0\commons-io-2.11.0.jar;C:\Users\SENJUTI BHADRA\.m2\repository\com\zaxxer\SparseBitSet\1.2\SparseBitSet-1.2.jar;C:\Users\SENJUTI BHADRA\.m2\repository\org\apache\logging\log4j\log4j-api\2.18.0\log4j-api-2.18.0.jar;C:\Users\SENJUTI BHADRA\.m2\repository\org\apache\poi\poi-ooxml\5.2.3\poi-ooxml-5.2.3.jar;C:\Users\SENJUTI BHADRA\.m2\repository\org\apache\poi\poi-ooxml-lite\5.2.3\poi-ooxml-lite-5.2.3.jar;C:\Users\SENJUTI BHADRA\.m2\repository\org\apache\xmlbeans\xmlbeans\5.1.1\xmlbeans-5.1.1.jar;C:\Users\SENJUTI BHADRA\.m2\repository\org\apache\commons\commons-compress\1.21\commons-compress-1.21.jar;C:\Users\SENJUTI BHADRA\.m2\repository\com\github\virtuald\curvesapi\1.07\curvesapi-1.07.jar;C:\Users\SENJUTI BHADRA\.m2\repository\com\aventstack\extentreports\5.0.9\extentreports-5.0.9.jar;C:\Users\SENJUTI BHADRA\.m2\repository\io\reactivex\rxjava3\rxjava\3.0.4\rxjava-3.0.4.jar;C:\Users\SENJUTI BHADRA\.m2\repository\org\reactivestreams\reactive-streams\1.0.3\reactive-streams-1.0.3.jar;C:\Users\SENJUTI BHADRA\.m2\repository\org\freemarker\freemarker\2.3.30\freemarker-2.3.30.jar;C:\Users\SENJUTI BHADRA\.m2\repository\org\projectlombok\lombok\1.18.12\lombok-1.18.12.jar;C:\Users\SENJUTI BHADRA\.m2\repository\com\relevantcodes\extentreports\2.41.2\extentreports-2.41.2.jar;C:\Users\SENJUTI BHADRA\.m2\repository\org\jsoup\jsoup\1.8.3\jsoup-1.8.3.jar;C:\Users\SENJUTI BHADRA\.m2\repository\org\xerial\sqlite-jdbc\3.8.11.1\sqlite-jdbc-3.8.11.1.jar;C:\Users\SENJUTI BHADRA\.m2\repository\org\mongodb\mongodb-driver\3.0.4\mongodb-driver-3.0.4.jar;C:\Users\SENJUTI BHADRA\.m2\repository\org\mongodb\bson\3.0.4\bson-3.0.4.jar;C:\Users\SENJUTI BHADRA\.m2\repository\org\mongodb\mongodb-driver-core\3.0.4\mongodb-driver-core-3.0.4.jar;C:\Users\SENJUTI BHADRA\.m2\repository\org\json\json\20160810\json-20160810.jar;C:\Users\SENJUTI BHADRA\.m2\repository\com\google\code\gson\gson\2.10\gson-2.10.jar
Launcher Type: SUN_STANDARD

[Global flags]
     intx CICompilerCount                          = 4                                         {product} {ergonomic}
     uint ConcGCThreads                            = 3                                         {product} {ergonomic}
     uint G1ConcRefinementThreads                  = 10                                        {product} {ergonomic}
   size_t G1HeapRegionSize                         = 2097152                                   {product} {ergonomic}
    uintx GCDrainStackTargetSize                   = 64                                        {product} {ergonomic}
   size_t InitialHeapSize                          = 264241152                                 {product} {ergonomic}
   size_t MarkStackSize                            = 4194304                                   {product} {ergonomic}
   size_t MaxHeapSize                              = 4211081216                                {product} {ergonomic}
   size_t MaxNewSize                               = 2524971008                                {product} {ergonomic}
   size_t MinHeapDeltaBytes                        = 2097152                                   {product} {ergonomic}
   size_t MinHeapSize                              = 8388608                                   {product} {ergonomic}
    uintx NonNMethodCodeHeapSize                   = 5839372                                {pd product} {ergonomic}
    uintx NonProfiledCodeHeapSize                  = 122909434                              {pd product} {ergonomic}
    uintx ProfiledCodeHeapSize                     = 122909434                              {pd product} {ergonomic}
    uintx ReservedCodeCacheSize                    = 251658240                              {pd product} {ergonomic}
     bool SegmentedCodeCache                       = true                                      {product} {ergonomic}
     bool ShowCodeDetailsInExceptionMessages       = true                                   {manageable} {command line}
   size_t SoftMaxHeapSize                          = 4211081216                             {manageable} {ergonomic}
     bool UseCompressedClassPointers               = true                           {product lp64_product} {ergonomic}
     bool UseCompressedOops                        = true                           {product lp64_product} {ergonomic}
     bool UseG1GC                                  = true                                      {product} {ergonomic}
     bool UseLargePagesIndividualAllocation        = false                                  {pd product} {ergonomic}

Logging:
Log output configuration:
 #0: stdout all=warning uptime,level,tags foldmultilines=false
 #1: stderr all=off uptime,level,tags foldmultilines=false

Environment Variables:
JAVA_HOME=C:\Program Files\Java\jdk-19
PATH=C:/Program Files/Java/jdk-19/bin/server;C:/Program Files/Java/jdk-19/bin;D:\Python 3.11;C:\Users\SENJUTI BHADRA\AppData\Local\Microsoft\WindowsApps;C:\Users\SENJUTI BHADRA\AppData\Local\Programs\Git\cmd;C:\Users\SENJUTI BHADRA\eclipse\java-2022-09\eclipse;
USERNAME=SENJUTI BHADRA
OS=Windows_NT
PROCESSOR_IDENTIFIER=Intel64 Family 6 Model 154 Stepping 4, GenuineIntel
TMP=C:\Users\SENJUT~1\AppData\Local\Temp
TEMP=C:\Users\SENJUT~1\AppData\Local\Temp



---------------  S Y S T E M  ---------------

OS:
 Windows 11 , 64 bit Build 22621 (10.0.22621.963)
OS uptime: 2 days 19:45 hours
Hyper-V role detected

CPU: total 12 (initial active 12) (6 cores per cpu, 2 threads per core) family 6 model 154 stepping 4 microcode 0x423, cx8, cmov, fxsr, ht, mmx, 3dnowpref, sse, sse2, sse3, ssse3, sse4.1, sse4.2, popcnt, lzcnt, tsc, tscinvbit, avx, avx2, aes, erms, clmul, bmi1, bmi2, adx, sha, fma, vzeroupper, clflush, clflushopt, clwb, hv, serialize, rdtscp, rdpid, fsrm

Memory: 4k page, system-wide physical 16056M (6429M free)
TotalPageFile size 23224M (AvailPageFile size 10882M)
current process WorkingSet (physical memory assigned to process): 109M, peak: 213M
current process commit charge ("private bytes"): 198M, peak: 406M

vm_info: Java HotSpot(TM) 64-Bit Server VM (19.0.1+10-21) for windows-amd64 JRE (19.0.1+10-21), built on 2022-09-14T12:45:06Z by "mach5one" with MS VC++ 17.1 (VS2022)

END.
